# JRE version: OpenJDK Runtime Environment Temurin-21.0.8+9 (21.0.8+9) (build 21.0.8+9-LTS)
# Java VM: OpenJDK 64-Bit Server VM Temurin-21.0.8+9 (21.0.8+9-LTS, mixed mode, sharing, tiered, compressed oops, compressed class ptrs, g1 gc, windows-amd64)
GC Precious Log:
 CardTable entry size: 512
 Card Set container configuration: InlinePtr #cards 4 size 8 Array Of Cards #cards 32 size 80 Howl #buckets 8 coarsen threshold 7372 Howl Bitmap #cards 1024 size 144 coarsen threshold 921 Card regions per heap region 1 cards per card region 8192
 CPUs: 8 total, 8 available
 Memory: 16280M
 Large Page Support: Disabled
 NUMA Support: Disabled
 Compressed Oops: Enabled (Zero based)
 Heap Region Size: 4M
 Heap Min Capacity: 100M
 Heap Initial Capacity: 100M
 Heap Max Capacity: 8G
 Pre-touch: Disabled
 Parallel Workers: 8
 Concurrent Workers: 2
 Concurrent Refinement Workers: 8
 Periodic GC: Disabled
Heap:
 garbage-first heap   total 249856K, used 202032K [0x0000000600000000, 0x0000000800000000)
  region size 4096K, 25 young (102400K), 1 survivors (4096K)
 Metaspace       used 88321K, committed 90048K, reserved 1179648K
  class space    used 8972K, committed 9792K, reserved 1048576K
GC Heap History (20 events):
Event: 4877.625 GC heap before
{Heap before GC invocations=90 (full 0):
 garbage-first heap   total 249856K, used 223277K [0x0000000600000000, 0x0000000800000000)
  region size 4096K, 30 young (122880K), 1 survivors (4096K)
 Metaspace       used 87938K, committed 89728K, reserved 1179648K
  class space    used 8969K, committed 9792K, reserved 1048576K
}
Event: 4877.630 GC heap after
{Heap after GC invocations=91 (full 0):
 garbage-first heap   total 249856K, used 109999K [0x0000000600000000, 0x0000000800000000)
  region size 4096K, 2 young (8192K), 2 survivors (8192K)
 Metaspace       used 87938K, committed 89728K, reserved 1179648K
  class space    used 8969K, committed 9792K, reserved 1048576K
}
Event: 4885.783 GC heap before
{Heap before GC invocations=92 (full 0):
 garbage-first heap   total 249856K, used 220591K [0x0000000600000000, 0x0000000800000000)
  region size 4096K, 29 young (118784K), 2 survivors (8192K)
 Metaspace       used 87995K, committed 89792K, reserved 1179648K
  class space    used 8970K, committed 9792K, reserved 1048576K
}
Event: 4885.787 GC heap after
{Heap after GC invocations=93 (full 0):
 garbage-first heap   total 249856K, used 112391K [0x0000000600000000, 0x0000000800000000)
  region size 4096K, 2 young (8192K), 2 survivors (8192K)
 Metaspace       used 87995K, committed 89792K, reserved 1179648K
  class space    used 8970K, committed 9792K, reserved 1048576K
}
Event: 4888.006 GC heap before
{Heap before GC invocations=93 (full 0):
 garbage-first heap   total 249856K, used 218887K [0x0000000600000000, 0x0000000800000000)
  region size 4096K, 29 young (118784K), 2 survivors (8192K)
 Metaspace       used 88039K, committed 89792K, reserved 1179648K
  class space    used 8970K, committed 9792K, reserved 1048576K
}
Event: 4888.011 GC heap after
{Heap after GC invocations=94 (full 0):
 garbage-first heap   total 249856K, used 106744K [0x0000000600000000, 0x0000000800000000)
  region size 4096K, 1 young (4096K), 1 survivors (4096K)
 Metaspace       used 88039K, committed 89792K, reserved 1179648K
  class space    used 8970K, committed 9792K, reserved 1048576K
}
Event: 4893.015 GC heap before
{Heap before GC invocations=94 (full 0):
 garbage-first heap   total 249856K, used 225528K [0x0000000600000000, 0x0000000800000000)
  region size 4096K, 30 young (122880K), 1 survivors (4096K)
 Metaspace       used 88088K, committed 89856K, reserved 1179648K
  class space    used 8971K, committed 9792K, reserved 1048576K
}
Event: 4893.018 GC heap after
{Heap after GC invocations=95 (full 0):
 garbage-first heap   total 249856K, used 107564K [0x0000000600000000, 0x0000000800000000)
  region size 4096K, 1 young (4096K), 1 survivors (4096K)
 Metaspace       used 88088K, committed 89856K, reserved 1179648K
  class space    used 8971K, committed 9792K, reserved 1048576K
}
Event: 4896.101 GC heap before
{Heap before GC invocations=96 (full 0):
 garbage-first heap   total 249856K, used 226348K [0x0000000600000000, 0x0000000800000000)
  region size 4096K, 30 young (122880K), 1 survivors (4096K)
 Metaspace       used 88101K, committed 89856K, reserved 1179648K
  class space    used 8971K, committed 9792K, reserved 1048576K
}
Event: 4896.104 GC heap after
{Heap after GC invocations=97 (full 0):
 garbage-first heap   total 249856K, used 107606K [0x0000000600000000, 0x0000000800000000)
  region size 4096K, 1 young (4096K), 1 survivors (4096K)
 Metaspace       used 88101K, committed 89856K, reserved 1179648K
  class space    used 8971K, committed 9792K, reserved 1048576K
}
Event: 4898.701 GC heap before
{Heap before GC invocations=97 (full 0):
 garbage-first heap   total 249856K, used 222294K [0x0000000600000000, 0x0000000800000000)
  region size 4096K, 30 young (122880K), 1 survivors (4096K)
 Metaspace       used 88117K, committed 89856K, reserved 1179648K
  class space    used 8971K, committed 9792K, reserved 1048576K
}
Event: 4898.706 GC heap after
{Heap after GC invocations=98 (full 0):
 garbage-first heap   total 249856K, used 107758K [0x0000000600000000, 0x0000000800000000)
  region size 4096K, 1 young (4096K), 1 survivors (4096K)
 Metaspace       used 88117K, committed 89856K, reserved 1179648K
  class space    used 8971K, committed 9792K, reserved 1048576K
}
Event: 4905.759 GC heap before
{Heap before GC invocations=98 (full 0):
 garbage-first heap   total 249856K, used 222446K [0x0000000600000000, 0x0000000800000000)
  region size 4096K, 30 young (122880K), 1 survivors (4096K)
 Metaspace       used 88136K, committed 89920K, reserved 1179648K
  class space    used 8971K, committed 9792K, reserved 1048576K
}
Event: 4905.762 GC heap after
{Heap after GC invocations=99 (full 0):
 garbage-first heap   total 249856K, used 109233K [0x0000000600000000, 0x0000000800000000)
  region size 4096K, 2 young (8192K), 2 survivors (8192K)
 Metaspace       used 88136K, committed 89920K, reserved 1179648K
  class space    used 8971K, committed 9792K, reserved 1048576K
}
Event: 4908.150 GC heap before
{Heap before GC invocations=100 (full 0):
 garbage-first heap   total 249856K, used 215729K [0x0000000600000000, 0x0000000800000000)
  region size 4096K, 29 young (118784K), 2 survivors (8192K)
 Metaspace       used 88176K, committed 89984K, reserved 1179648K
  class space    used 8971K, committed 9792K, reserved 1048576K
}
Event: 4908.154 GC heap after
{Heap after GC invocations=101 (full 0):
 garbage-first heap   total 249856K, used 110366K [0x0000000600000000, 0x0000000800000000)
  region size 4096K, 2 young (8192K), 2 survivors (8192K)
 Metaspace       used 88176K, committed 89984K, reserved 1179648K
  class space    used 8971K, committed 9792K, reserved 1048576K
}
Event: 4910.501 GC heap before
{Heap before GC invocations=101 (full 0):
 garbage-first heap   total 249856K, used 216862K [0x0000000600000000, 0x0000000800000000)
  region size 4096K, 29 young (118784K), 2 survivors (8192K)
 Metaspace       used 88232K, committed 89984K, reserved 1179648K
  class space    used 8972K, committed 9792K, reserved 1048576K
}
Event: 4910.508 GC heap after
{Heap after GC invocations=102 (full 0):
 garbage-first heap   total 249856K, used 107575K [0x0000000600000000, 0x0000000800000000)
  region size 4096K, 1 young (4096K), 1 survivors (4096K)
 Metaspace       used 88232K, committed 89984K, reserved 1179648K
  class space    used 8972K, committed 9792K, reserved 1048576K
}
Event: 4915.160 GC heap before
{Heap before GC invocations=102 (full 0):
 garbage-first heap   total 249856K, used 226359K [0x0000000600000000, 0x0000000800000000)
  region size 4096K, 30 young (122880K), 1 survivors (4096K)
 Metaspace       used 88304K, committed 90048K, reserved 1179648K
  class space    used 8972K, committed 9792K, reserved 1048576K
}
Event: 4915.163 GC heap after
{Heap after GC invocations=103 (full 0):
 garbage-first heap   total 249856K, used 107824K [0x0000000600000000, 0x0000000800000000)
  region size 4096K, 1 young (4096K), 1 survivors (4096K)
 Metaspace       used 88304K, committed 90048K, reserved 1179648K
  class space    used 8972K, committed 9792K, reserved 1048576K
}

