# JRE version: OpenJDK Runtime Environment Temurin-21.0.6+7 (21.0.6+7) (build 21.0.6+7-LTS)
# Java VM: OpenJDK 64-Bit Server VM Temurin-21.0.6+7 (21.0.6+7-LTS, mixed mode, sharing, tiered, compressed oops, compressed class ptrs, g1 gc, windows-amd64)
GC Precious Log:
 CardTable entry size: 512
 Card Set container configuration: InlinePtr #cards 4 size 8 Array Of Cards #cards 32 size 80 Howl #buckets 8 coarsen threshold 7372 Howl Bitmap #cards 1024 size 144 coarsen threshold 921 Card regions per heap region 1 cards per card region 8192
 CPUs: 8 total, 8 available
 Memory: 16283M
 Large Page Support: Disabled
 NUMA Support: Disabled
 Compressed Oops: Enabled (Zero based)
 Heap Region Size: 4M
 Heap Min Capacity: 100M
 Heap Initial Capacity: 100M
 Heap Max Capacity: 8G
 Pre-touch: Disabled
 Parallel Workers: 8
 Concurrent Workers: 2
 Concurrent Refinement Workers: 8
 Periodic GC: Disabled
Heap:
 garbage-first heap   total 733184K, used 410407K [0x0000000600000000, 0x0000000800000000)
  region size 4096K, 11 young (45056K), 6 survivors (24576K)
 Metaspace       used 68855K, committed 70400K, reserved 1114112K
  class space    used 6776K, committed 7424K, reserved 1048576K
GC Heap History (20 events):
Event: 14.709 GC heap before
{Heap before GC invocations=32 (full 0):
 garbage-first heap   total 409600K, used 339968K [0x0000000600000000, 0x0000000800000000)
  region size 4096K, 36 young (147456K), 5 survivors (20480K)
 Metaspace       used 61961K, committed 63488K, reserved 1114112K
  class space    used 6228K, committed 6912K, reserved 1048576K
}
Event: 14.727 GC heap after
{Heap after GC invocations=33 (full 0):
 garbage-first heap   total 409600K, used 236257K [0x0000000600000000, 0x0000000800000000)
  region size 4096K, 5 young (20480K), 5 survivors (20480K)
 Metaspace       used 61961K, committed 63488K, reserved 1114112K
  class space    used 6228K, committed 6912K, reserved 1048576K
}
Event: 15.438 GC heap before
{Heap before GC invocations=33 (full 0):
 garbage-first heap   total 409600K, used 346849K [0x0000000600000000, 0x0000000800000000)
  region size 4096K, 33 young (135168K), 5 survivors (20480K)
 Metaspace       used 62590K, committed 64064K, reserved 1114112K
  class space    used 6304K, committed 6976K, reserved 1048576K
}
Event: 15.456 GC heap after
{Heap after GC invocations=34 (full 0):
 garbage-first heap   total 409600K, used 255806K [0x0000000600000000, 0x0000000800000000)
  region size 4096K, 5 young (20480K), 5 survivors (20480K)
 Metaspace       used 62590K, committed 64064K, reserved 1114112K
  class space    used 6304K, committed 6976K, reserved 1048576K
}
Event: 16.063 GC heap before
{Heap before GC invocations=35 (full 0):
 garbage-first heap   total 430080K, used 358206K [0x0000000600000000, 0x0000000800000000)
  region size 4096K, 31 young (126976K), 5 survivors (20480K)
 Metaspace       used 63541K, committed 65024K, reserved 1114112K
  class space    used 6375K, committed 7040K, reserved 1048576K
}
Event: 16.077 GC heap after
{Heap after GC invocations=36 (full 0):
 garbage-first heap   total 430080K, used 275212K [0x0000000600000000, 0x0000000800000000)
  region size 4096K, 4 young (16384K), 4 survivors (16384K)
 Metaspace       used 63541K, committed 65024K, reserved 1114112K
  class space    used 6375K, committed 7040K, reserved 1048576K
}
Event: 17.150 GC heap before
{Heap before GC invocations=36 (full 0):
 garbage-first heap   total 430080K, used 373516K [0x0000000600000000, 0x0000000800000000)
  region size 4096K, 29 young (118784K), 4 survivors (16384K)
 Metaspace       used 65451K, committed 67008K, reserved 1114112K
  class space    used 6591K, committed 7232K, reserved 1048576K
}
Event: 17.169 GC heap after
{Heap after GC invocations=37 (full 0):
 garbage-first heap   total 552960K, used 282566K [0x0000000600000000, 0x0000000800000000)
  region size 4096K, 4 young (16384K), 4 survivors (16384K)
 Metaspace       used 65451K, committed 67008K, reserved 1114112K
  class space    used 6591K, committed 7232K, reserved 1048576K
}
Event: 17.787 GC heap before
{Heap before GC invocations=37 (full 0):
 garbage-first heap   total 552960K, used 462790K [0x0000000600000000, 0x0000000800000000)
  region size 4096K, 49 young (200704K), 4 survivors (16384K)
 Metaspace       used 65910K, committed 67456K, reserved 1114112K
  class space    used 6640K, committed 7296K, reserved 1048576K
}
Event: 17.807 GC heap after
{Heap after GC invocations=38 (full 0):
 garbage-first heap   total 552960K, used 320809K [0x0000000600000000, 0x0000000800000000)
  region size 4096K, 7 young (28672K), 7 survivors (28672K)
 Metaspace       used 65910K, committed 67456K, reserved 1114112K
  class space    used 6640K, committed 7296K, reserved 1048576K
}
Event: 18.576 GC heap before
{Heap before GC invocations=38 (full 0):
 garbage-first heap   total 552960K, used 472361K [0x0000000600000000, 0x0000000800000000)
  region size 4096K, 45 young (184320K), 7 survivors (28672K)
 Metaspace       used 66376K, committed 67968K, reserved 1114112K
  class space    used 6674K, committed 7360K, reserved 1048576K
}
Event: 18.599 GC heap after
{Heap after GC invocations=39 (full 0):
 garbage-first heap   total 552960K, used 347121K [0x0000000600000000, 0x0000000800000000)
  region size 4096K, 6 young (24576K), 6 survivors (24576K)
 Metaspace       used 66376K, committed 67968K, reserved 1114112K
  class space    used 6674K, committed 7360K, reserved 1048576K
}
Event: 19.121 GC heap before
{Heap before GC invocations=39 (full 0):
 garbage-first heap   total 552960K, used 482289K [0x0000000600000000, 0x0000000800000000)
  region size 4096K, 40 young (163840K), 6 survivors (24576K)
 Metaspace       used 66750K, committed 68288K, reserved 1114112K
  class space    used 6707K, committed 7360K, reserved 1048576K
}
Event: 19.140 GC heap after
{Heap after GC invocations=40 (full 0):
 garbage-first heap   total 552960K, used 361098K [0x0000000600000000, 0x0000000800000000)
  region size 4096K, 5 young (20480K), 5 survivors (20480K)
 Metaspace       used 66750K, committed 68288K, reserved 1114112K
  class space    used 6707K, committed 7360K, reserved 1048576K
}
Event: 20.973 GC heap before
{Heap before GC invocations=41 (full 0):
 garbage-first heap   total 610304K, used 483978K [0x0000000600000000, 0x0000000800000000)
  region size 4096K, 36 young (147456K), 5 survivors (20480K)
 Metaspace       used 67272K, committed 68864K, reserved 1114112K
  class space    used 6738K, committed 7424K, reserved 1048576K
}
Event: 20.996 GC heap after
{Heap after GC invocations=42 (full 0):
 garbage-first heap   total 610304K, used 382236K [0x0000000600000000, 0x0000000800000000)
  region size 4096K, 5 young (20480K), 5 survivors (20480K)
 Metaspace       used 67272K, committed 68864K, reserved 1114112K
  class space    used 6738K, committed 7424K, reserved 1048576K
}
Event: 21.888 GC heap before
{Heap before GC invocations=42 (full 0):
 garbage-first heap   total 610304K, used 525596K [0x0000000600000000, 0x0000000800000000)
  region size 4096K, 40 young (163840K), 5 survivors (20480K)
 Metaspace       used 67696K, committed 69248K, reserved 1114112K
  class space    used 6753K, committed 7424K, reserved 1048576K
}
Event: 21.907 GC heap after
{Heap after GC invocations=43 (full 0):
 garbage-first heap   total 733184K, used 385827K [0x0000000600000000, 0x0000000800000000)
  region size 4096K, 4 young (16384K), 4 survivors (16384K)
 Metaspace       used 67696K, committed 69248K, reserved 1114112K
  class space    used 6753K, committed 7424K, reserved 1048576K
}
Event: 23.237 GC heap before
{Heap before GC invocations=43 (full 0):
 garbage-first heap   total 733184K, used 602915K [0x0000000600000000, 0x0000000800000000)
  region size 4096K, 57 young (233472K), 4 survivors (16384K)
 Metaspace       used 68618K, committed 70144K, reserved 1114112K
  class space    used 6769K, committed 7424K, reserved 1048576K
}
Event: 23.248 GC heap after
{Heap after GC invocations=44 (full 0):
 garbage-first heap   total 733184K, used 394023K [0x0000000600000000, 0x0000000800000000)
  region size 4096K, 6 young (24576K), 6 survivors (24576K)
 Metaspace       used 68618K, committed 70144K, reserved 1114112K
  class space    used 6769K, committed 7424K, reserved 1048576K
}

