# JRE version: OpenJDK Runtime Environment Temurin-21.0.6+7 (21.0.6+7) (build 21.0.6+7-LTS)
# Java VM: OpenJDK 64-Bit Server VM Temurin-21.0.6+7 (21.0.6+7-LTS, mixed mode, sharing, tiered, compressed oops, compressed class ptrs, g1 gc, windows-amd64)
GC Precious Log:
 CardTable entry size: 512
 Card Set container configuration: InlinePtr #cards 4 size 8 Array Of Cards #cards 32 size 80 Howl #buckets 8 coarsen threshold 7372 Howl Bitmap #cards 1024 size 144 coarsen threshold 921 Card regions per heap region 1 cards per card region 8192
 CPUs: 8 total, 8 available
 Memory: 16283M
 Large Page Support: Disabled
 NUMA Support: Disabled
 Compressed Oops: Enabled (Zero based)
 Heap Region Size: 4M
 Heap Min Capacity: 100M
 Heap Initial Capacity: 100M
 Heap Max Capacity: 8G
 Pre-touch: Disabled
 Parallel Workers: 8
 Concurrent Workers: 2
 Concurrent Refinement Workers: 8
 Periodic GC: Disabled
Heap:
 garbage-first heap   total 655360K, used 399494K [0x0000000600000000, 0x0000000800000000)
  region size 4096K, 3 young (12288K), 3 survivors (12288K)
 Metaspace       used 72222K, committed 73856K, reserved 1179648K
  class space    used 7249K, committed 8000K, reserved 1048576K
GC Heap History (20 events):
Event: 20.527 GC heap after
{Heap after GC invocations=35 (full 0):
 garbage-first heap   total 372736K, used 180748K [0x0000000600000000, 0x0000000800000000)
  region size 4096K, 3 young (12288K), 3 survivors (12288K)
 Metaspace       used 64819K, committed 66240K, reserved 1114112K
  class space    used 6580K, committed 7232K, reserved 1048576K
}
Event: 21.409 GC heap before
{Heap before GC invocations=35 (full 0):
 garbage-first heap   total 372736K, used 307724K [0x0000000600000000, 0x0000000800000000)
  region size 4096K, 33 young (135168K), 3 survivors (12288K)
 Metaspace       used 64915K, committed 66240K, reserved 1114112K
  class space    used 6588K, committed 7232K, reserved 1048576K
}
Event: 21.426 GC heap after
{Heap after GC invocations=36 (full 0):
 garbage-first heap   total 372736K, used 212234K [0x0000000600000000, 0x0000000800000000)
  region size 4096K, 5 young (20480K), 5 survivors (20480K)
 Metaspace       used 64915K, committed 66240K, reserved 1114112K
  class space    used 6588K, committed 7232K, reserved 1048576K
}
Event: 22.057 GC heap before
{Heap before GC invocations=36 (full 0):
 garbage-first heap   total 372736K, used 306442K [0x0000000600000000, 0x0000000800000000)
  region size 4096K, 28 young (114688K), 5 survivors (20480K)
 Metaspace       used 64945K, committed 66304K, reserved 1114112K
  class space    used 6588K, committed 7232K, reserved 1048576K
}
Event: 22.073 GC heap after
{Heap after GC invocations=37 (full 0):
 garbage-first heap   total 372736K, used 232592K [0x0000000600000000, 0x0000000800000000)
  region size 4096K, 4 young (16384K), 4 survivors (16384K)
 Metaspace       used 64945K, committed 66304K, reserved 1114112K
  class space    used 6588K, committed 7232K, reserved 1048576K
}
Event: 22.719 GC heap before
{Heap before GC invocations=37 (full 0):
 garbage-first heap   total 372736K, used 314512K [0x0000000600000000, 0x0000000800000000)
  region size 4096K, 25 young (102400K), 4 survivors (16384K)
 Metaspace       used 65233K, committed 66624K, reserved 1114112K
  class space    used 6615K, committed 7296K, reserved 1048576K
}
Event: 22.733 GC heap after
{Heap after GC invocations=38 (full 0):
 garbage-first heap   total 372736K, used 252475K [0x0000000600000000, 0x0000000800000000)
  region size 4096K, 4 young (16384K), 4 survivors (16384K)
 Metaspace       used 65233K, committed 66624K, reserved 1114112K
  class space    used 6615K, committed 7296K, reserved 1048576K
}
Event: 24.562 GC heap before
{Heap before GC invocations=39 (full 0):
 garbage-first heap   total 425984K, used 322107K [0x0000000600000000, 0x0000000800000000)
  region size 4096K, 22 young (90112K), 4 survivors (16384K)
 Metaspace       used 67111K, committed 68608K, reserved 1114112K
  class space    used 6801K, committed 7488K, reserved 1048576K
}
Event: 24.583 GC heap after
{Heap after GC invocations=40 (full 0):
 garbage-first heap   total 425984K, used 269779K [0x0000000600000000, 0x0000000800000000)
  region size 4096K, 3 young (12288K), 3 survivors (12288K)
 Metaspace       used 67111K, committed 68608K, reserved 1114112K
  class space    used 6801K, committed 7488K, reserved 1048576K
}
Event: 25.280 GC heap before
{Heap before GC invocations=40 (full 0):
 garbage-first heap   total 425984K, used 372179K [0x0000000600000000, 0x0000000800000000)
  region size 4096K, 28 young (114688K), 3 survivors (12288K)
 Metaspace       used 67698K, committed 69184K, reserved 1114112K
  class space    used 6855K, committed 7552K, reserved 1048576K
}
Event: 25.304 GC heap after
{Heap after GC invocations=41 (full 0):
 garbage-first heap   total 512000K, used 276625K [0x0000000600000000, 0x0000000800000000)
  region size 4096K, 4 young (16384K), 4 survivors (16384K)
 Metaspace       used 67698K, committed 69184K, reserved 1114112K
  class space    used 6855K, committed 7552K, reserved 1048576K
}
Event: 26.094 GC heap before
{Heap before GC invocations=41 (full 0):
 garbage-first heap   total 512000K, used 432273K [0x0000000600000000, 0x0000000800000000)
  region size 4096K, 42 young (172032K), 4 survivors (16384K)
 Metaspace       used 68538K, committed 70016K, reserved 1114112K
  class space    used 6930K, committed 7616K, reserved 1048576K
}
Event: 26.119 GC heap after
{Heap after GC invocations=42 (full 0):
 garbage-first heap   total 512000K, used 308518K [0x0000000600000000, 0x0000000800000000)
  region size 4096K, 6 young (24576K), 6 survivors (24576K)
 Metaspace       used 68538K, committed 70016K, reserved 1114112K
  class space    used 6930K, committed 7616K, reserved 1048576K
}
Event: 27.109 GC heap before
{Heap before GC invocations=42 (full 0):
 garbage-first heap   total 512000K, used 435494K [0x0000000600000000, 0x0000000800000000)
  region size 4096K, 38 young (155648K), 6 survivors (24576K)
 Metaspace       used 68885K, committed 70400K, reserved 1114112K
  class space    used 6943K, committed 7680K, reserved 1048576K
}
Event: 27.135 GC heap after
{Heap after GC invocations=43 (full 0):
 garbage-first heap   total 512000K, used 356352K [0x0000000600000000, 0x0000000800000000)
  region size 4096K, 5 young (20480K), 5 survivors (20480K)
 Metaspace       used 68885K, committed 70400K, reserved 1114112K
  class space    used 6943K, committed 7680K, reserved 1048576K
}
Event: 28.363 GC heap before
{Heap before GC invocations=43 (full 0):
 garbage-first heap   total 512000K, used 442368K [0x0000000600000000, 0x0000000800000000)
  region size 4096K, 27 young (110592K), 5 survivors (20480K)
 Metaspace       used 69257K, committed 70784K, reserved 1114112K
  class space    used 6952K, committed 7680K, reserved 1048576K
}
Event: 28.393 GC heap after
{Heap after GC invocations=44 (full 0):
 garbage-first heap   total 512000K, used 392147K [0x0000000600000000, 0x0000000800000000)
  region size 4096K, 4 young (16384K), 4 survivors (16384K)
 Metaspace       used 69257K, committed 70784K, reserved 1114112K
  class space    used 6952K, committed 7680K, reserved 1048576K
}
Event: 30.362 GC heap before
{Heap before GC invocations=45 (full 0):
 garbage-first heap   total 655360K, used 449491K [0x0000000600000000, 0x0000000800000000)
  region size 4096K, 19 young (77824K), 4 survivors (16384K)
 Metaspace       used 69599K, committed 71168K, reserved 1114112K
  class space    used 6966K, committed 7680K, reserved 1048576K
}
Event: 30.389 GC heap after
{Heap after GC invocations=46 (full 0):
 garbage-first heap   total 655360K, used 412079K [0x0000000600000000, 0x0000000800000000)
  region size 4096K, 3 young (12288K), 3 survivors (12288K)
 Metaspace       used 69599K, committed 71168K, reserved 1114112K
  class space    used 6966K, committed 7680K, reserved 1048576K
}
Event: 45.341 GC heap before
{Heap before GC invocations=46 (full 0):
 garbage-first heap   total 655360K, used 526767K [0x0000000600000000, 0x0000000800000000)
  region size 4096K, 32 young (131072K), 3 survivors (12288K)
 Metaspace       used 72222K, committed 73856K, reserved 1179648K
  class space    used 7249K, committed 8000K, reserved 1048576K
}

