# JRE version: OpenJDK Runtime Environment Temurin-21.0.6+7 (21.0.6+7) (build 21.0.6+7-LTS)
# Java VM: OpenJDK 64-Bit Server VM Temurin-21.0.6+7 (21.0.6+7-LTS, mixed mode, sharing, tiered, compressed oops, compressed class ptrs, g1 gc, windows-amd64)
GC Precious Log:
 CardTable entry size: 512
 Card Set container configuration: InlinePtr #cards 4 size 8 Array Of Cards #cards 32 size 80 Howl #buckets 8 coarsen threshold 7372 Howl Bitmap #cards 1024 size 144 coarsen threshold 921 Card regions per heap region 1 cards per card region 8192
 CPUs: 8 total, 8 available
 Memory: 16283M
 Large Page Support: Disabled
 NUMA Support: Disabled
 Compressed Oops: Enabled (Zero based)
 Heap Region Size: 4M
 Heap Min Capacity: 100M
 Heap Initial Capacity: 100M
 Heap Max Capacity: 8G
 Pre-touch: Disabled
 Parallel Workers: 8
 Concurrent Workers: 2
 Concurrent Refinement Workers: 8
 Periodic GC: Disabled
Heap:
 garbage-first heap   total 679936K, used 484180K [0x0000000600000000, 0x0000000800000000)
  region size 4096K, 30 young (122880K), 3 survivors (12288K)
 Metaspace       used 68523K, committed 70208K, reserved 1114112K
  class space    used 6761K, committed 7488K, reserved 1048576K
GC Heap History (20 events):
Event: 26.183 GC heap before
{Heap before GC invocations=43 (full 0):
 garbage-first heap   total 421888K, used 351978K [0x0000000600000000, 0x0000000800000000)
  region size 4096K, 34 young (139264K), 3 survivors (12288K)
 Metaspace       used 66307K, committed 67840K, reserved 1114112K
  class space    used 6621K, committed 7296K, reserved 1048576K
}
Event: 26.197 GC heap after
{Heap after GC invocations=44 (full 0):
 garbage-first heap   total 421888K, used 238357K [0x0000000600000000, 0x0000000800000000)
  region size 4096K, 3 young (12288K), 3 survivors (12288K)
 Metaspace       used 66307K, committed 67840K, reserved 1114112K
  class space    used 6621K, committed 7296K, reserved 1048576K
}
Event: 26.649 GC heap before
{Heap before GC invocations=44 (full 0):
 garbage-first heap   total 421888K, used 365333K [0x0000000600000000, 0x0000000800000000)
  region size 4096K, 35 young (143360K), 3 survivors (12288K)
 Metaspace       used 66355K, committed 67904K, reserved 1114112K
  class space    used 6621K, committed 7296K, reserved 1048576K
}
Event: 26.666 GC heap after
{Heap after GC invocations=45 (full 0):
 garbage-first heap   total 421888K, used 245011K [0x0000000600000000, 0x0000000800000000)
  region size 4096K, 5 young (20480K), 5 survivors (20480K)
 Metaspace       used 66355K, committed 67904K, reserved 1114112K
  class space    used 6621K, committed 7296K, reserved 1048576K
}
Event: 27.060 GC heap before
{Heap before GC invocations=45 (full 0):
 garbage-first heap   total 421888K, used 367891K [0x0000000600000000, 0x0000000800000000)
  region size 4096K, 36 young (147456K), 5 survivors (20480K)
 Metaspace       used 66427K, committed 67968K, reserved 1114112K
  class space    used 6622K, committed 7296K, reserved 1048576K
}
Event: 27.077 GC heap after
{Heap after GC invocations=46 (full 0):
 garbage-first heap   total 421888K, used 261263K [0x0000000600000000, 0x0000000800000000)
  region size 4096K, 4 young (16384K), 4 survivors (16384K)
 Metaspace       used 66427K, committed 67968K, reserved 1114112K
  class space    used 6622K, committed 7296K, reserved 1048576K
}
Event: 27.609 GC heap before
{Heap before GC invocations=46 (full 0):
 garbage-first heap   total 421888K, used 380047K [0x0000000600000000, 0x0000000800000000)
  region size 4096K, 33 young (135168K), 4 survivors (16384K)
 Metaspace       used 66706K, committed 68224K, reserved 1114112K
  class space    used 6646K, committed 7296K, reserved 1048576K
}
Event: 27.624 GC heap after
{Heap after GC invocations=47 (full 0):
 garbage-first heap   total 421888K, used 275954K [0x0000000600000000, 0x0000000800000000)
  region size 4096K, 4 young (16384K), 4 survivors (16384K)
 Metaspace       used 66706K, committed 68224K, reserved 1114112K
  class space    used 6646K, committed 7296K, reserved 1048576K
}
Event: 28.427 GC heap before
{Heap before GC invocations=48 (full 0):
 garbage-first heap   total 466944K, used 374258K [0x0000000600000000, 0x0000000800000000)
  region size 4096K, 28 young (114688K), 4 survivors (16384K)
 Metaspace       used 67144K, committed 68736K, reserved 1114112K
  class space    used 6692K, committed 7360K, reserved 1048576K
}
Event: 28.443 GC heap after
{Heap after GC invocations=49 (full 0):
 garbage-first heap   total 466944K, used 293405K [0x0000000600000000, 0x0000000800000000)
  region size 4096K, 4 young (16384K), 4 survivors (16384K)
 Metaspace       used 67144K, committed 68736K, reserved 1114112K
  class space    used 6692K, committed 7360K, reserved 1048576K
}
Event: 29.377 GC heap before
{Heap before GC invocations=49 (full 0):
 garbage-first heap   total 466944K, used 412189K [0x0000000600000000, 0x0000000800000000)
  region size 4096K, 34 young (139264K), 4 survivors (16384K)
 Metaspace       used 67160K, committed 68736K, reserved 1114112K
  class space    used 6693K, committed 7360K, reserved 1048576K
}
Event: 29.410 GC heap after
{Heap after GC invocations=50 (full 0):
 garbage-first heap   total 679936K, used 345575K [0x0000000600000000, 0x0000000800000000)
  region size 4096K, 5 young (20480K), 5 survivors (20480K)
 Metaspace       used 67160K, committed 68736K, reserved 1114112K
  class space    used 6693K, committed 7360K, reserved 1048576K
}
Event: 32.191 GC heap before
{Heap before GC invocations=50 (full 0):
 garbage-first heap   total 679936K, used 558567K [0x0000000600000000, 0x0000000800000000)
  region size 4096K, 57 young (233472K), 5 survivors (20480K)
 Metaspace       used 67259K, committed 68800K, reserved 1114112K
  class space    used 6695K, committed 7360K, reserved 1048576K
}
Event: 32.210 GC heap after
{Heap after GC invocations=51 (full 0):
 garbage-first heap   total 679936K, used 376102K [0x0000000600000000, 0x0000000800000000)
  region size 4096K, 7 young (28672K), 7 survivors (28672K)
 Metaspace       used 67259K, committed 68800K, reserved 1114112K
  class space    used 6695K, committed 7360K, reserved 1048576K
}
Event: 33.229 GC heap before
{Heap before GC invocations=51 (full 0):
 garbage-first heap   total 679936K, used 572710K [0x0000000600000000, 0x0000000800000000)
  region size 4096K, 55 young (225280K), 7 survivors (28672K)
 Metaspace       used 67274K, committed 68864K, reserved 1114112K
  class space    used 6695K, committed 7360K, reserved 1048576K
}
Event: 33.238 GC heap after
{Heap after GC invocations=52 (full 0):
 garbage-first heap   total 679936K, used 374350K [0x0000000600000000, 0x0000000800000000)
  region size 4096K, 1 young (4096K), 1 survivors (4096K)
 Metaspace       used 67274K, committed 68864K, reserved 1114112K
  class space    used 6695K, committed 7360K, reserved 1048576K
}
Event: 33.914 GC heap before
{Heap before GC invocations=52 (full 0):
 garbage-first heap   total 679936K, used 575054K [0x0000000600000000, 0x0000000800000000)
  region size 4096K, 50 young (204800K), 1 survivors (4096K)
 Metaspace       used 67278K, committed 68864K, reserved 1114112K
  class space    used 6695K, committed 7360K, reserved 1048576K
}
Event: 33.916 GC heap after
{Heap after GC invocations=53 (full 0):
 garbage-first heap   total 679936K, used 372714K [0x0000000600000000, 0x0000000800000000)
  region size 4096K, 1 young (4096K), 1 survivors (4096K)
 Metaspace       used 67278K, committed 68864K, reserved 1114112K
  class space    used 6695K, committed 7360K, reserved 1048576K
}
Event: 41.628 GC heap before
{Heap before GC invocations=53 (full 0):
 garbage-first heap   total 679936K, used 585706K [0x0000000600000000, 0x0000000800000000)
  region size 4096K, 53 young (217088K), 1 survivors (4096K)
 Metaspace       used 67709K, committed 69312K, reserved 1114112K
  class space    used 6736K, committed 7424K, reserved 1048576K
}
Event: 41.636 GC heap after
{Heap after GC invocations=54 (full 0):
 garbage-first heap   total 679936K, used 381780K [0x0000000600000000, 0x0000000800000000)
  region size 4096K, 3 young (12288K), 3 survivors (12288K)
 Metaspace       used 67709K, committed 69312K, reserved 1114112K
  class space    used 6736K, committed 7424K, reserved 1048576K
}

