# JRE version: OpenJDK Runtime Environment Temurin-21.0.6+7 (21.0.6+7) (build 21.0.6+7-LTS)
# Java VM: OpenJDK 64-Bit Server VM Temurin-21.0.6+7 (21.0.6+7-LTS, mixed mode, sharing, tiered, compressed oops, compressed class ptrs, g1 gc, windows-amd64)
GC Precious Log:
 CardTable entry size: 512
 Card Set container configuration: InlinePtr #cards 4 size 8 Array Of Cards #cards 32 size 80 Howl #buckets 8 coarsen threshold 7372 Howl Bitmap #cards 1024 size 144 coarsen threshold 921 Card regions per heap region 1 cards per card region 8192
 CPUs: 8 total, 8 available
 Memory: 16283M
 Large Page Support: Disabled
 NUMA Support: Disabled
 Compressed Oops: Enabled (Zero based)
 Heap Region Size: 4M
 Heap Min Capacity: 100M
 Heap Initial Capacity: 100M
 Heap Max Capacity: 8G
 Pre-touch: Disabled
 Parallel Workers: 8
 Concurrent Workers: 2
 Concurrent Refinement Workers: 8
 Periodic GC: Disabled
Heap:
 garbage-first heap   total 811008K, used 476767K [0x0000000600000000, 0x0000000800000000)
  region size 4096K, 38 young (155648K), 6 survivors (24576K)
 Metaspace       used 72234K, committed 74048K, reserved 1179648K
  class space    used 6980K, committed 7808K, reserved 1048576K
GC Heap History (20 events):
Event: 20.217 GC heap before
{Heap before GC invocations=38 (full 0):
 garbage-first heap   total 405504K, used 305210K [0x0000000600000000, 0x0000000800000000)
  region size 4096K, 19 young (77824K), 3 survivors (12288K)
 Metaspace       used 59337K, committed 60736K, reserved 1114112K
  class space    used 6161K, committed 6784K, reserved 1048576K
}
Event: 20.231 GC heap after
{Heap after GC invocations=39 (full 0):
 garbage-first heap   total 405504K, used 254389K [0x0000000600000000, 0x0000000800000000)
  region size 4096K, 3 young (12288K), 3 survivors (12288K)
 Metaspace       used 59337K, committed 60736K, reserved 1114112K
  class space    used 6161K, committed 6784K, reserved 1048576K
}
Event: 20.731 GC heap before
{Heap before GC invocations=39 (full 0):
 garbage-first heap   total 405504K, used 348597K [0x0000000600000000, 0x0000000800000000)
  region size 4096K, 27 young (110592K), 3 survivors (12288K)
 Metaspace       used 61277K, committed 62784K, reserved 1114112K
  class space    used 6316K, committed 6976K, reserved 1048576K
}
Event: 20.743 GC heap after
{Heap after GC invocations=40 (full 0):
 garbage-first heap   total 405504K, used 261432K [0x0000000600000000, 0x0000000800000000)
  region size 4096K, 4 young (16384K), 4 survivors (16384K)
 Metaspace       used 61277K, committed 62784K, reserved 1114112K
  class space    used 6316K, committed 6976K, reserved 1048576K
}
Event: 21.203 GC heap before
{Heap before GC invocations=40 (full 0):
 garbage-first heap   total 405504K, used 351544K [0x0000000600000000, 0x0000000800000000)
  region size 4096K, 27 young (110592K), 4 survivors (16384K)
 Metaspace       used 61581K, committed 63104K, reserved 1114112K
  class space    used 6331K, committed 6976K, reserved 1048576K
}
Event: 21.218 GC heap after
{Heap after GC invocations=41 (full 0):
 garbage-first heap   total 811008K, used 283819K [0x0000000600000000, 0x0000000800000000)
  region size 4096K, 4 young (16384K), 4 survivors (16384K)
 Metaspace       used 61581K, committed 63104K, reserved 1114112K
  class space    used 6331K, committed 6976K, reserved 1048576K
}
Event: 25.771 GC heap before
{Heap before GC invocations=41 (full 0):
 garbage-first heap   total 811008K, used 640171K [0x0000000600000000, 0x0000000800000000)
  region size 4096K, 92 young (376832K), 4 survivors (16384K)
 Metaspace       used 66626K, committed 68160K, reserved 1114112K
  class space    used 6649K, committed 7296K, reserved 1048576K
}
Event: 25.806 GC heap after
{Heap after GC invocations=42 (full 0):
 garbage-first heap   total 811008K, used 329310K [0x0000000600000000, 0x0000000800000000)
  region size 4096K, 12 young (49152K), 12 survivors (49152K)
 Metaspace       used 66626K, committed 68160K, reserved 1114112K
  class space    used 6649K, committed 7296K, reserved 1048576K
}
Event: 28.391 GC heap before
{Heap before GC invocations=42 (full 0):
 garbage-first heap   total 811008K, used 636510K [0x0000000600000000, 0x0000000800000000)
  region size 4096K, 87 young (356352K), 12 survivors (49152K)
 Metaspace       used 67137K, committed 68736K, reserved 1114112K
  class space    used 6679K, committed 7360K, reserved 1048576K
}
Event: 28.411 GC heap after
{Heap after GC invocations=43 (full 0):
 garbage-first heap   total 811008K, used 339034K [0x0000000600000000, 0x0000000800000000)
  region size 4096K, 2 young (8192K), 2 survivors (8192K)
 Metaspace       used 67137K, committed 68736K, reserved 1114112K
  class space    used 6679K, committed 7360K, reserved 1048576K
}
Event: 30.046 GC heap before
{Heap before GC invocations=43 (full 0):
 garbage-first heap   total 811008K, used 674906K [0x0000000600000000, 0x0000000800000000)
  region size 4096K, 84 young (344064K), 2 survivors (8192K)
 Metaspace       used 67150K, committed 68736K, reserved 1114112K
  class space    used 6679K, committed 7360K, reserved 1048576K
}
Event: 30.049 GC heap after
{Heap after GC invocations=44 (full 0):
 garbage-first heap   total 811008K, used 334938K [0x0000000600000000, 0x0000000800000000)
  region size 4096K, 1 young (4096K), 1 survivors (4096K)
 Metaspace       used 67150K, committed 68736K, reserved 1114112K
  class space    used 6679K, committed 7360K, reserved 1048576K
}
Event: 32.657 GC heap before
{Heap before GC invocations=44 (full 0):
 garbage-first heap   total 811008K, used 703578K [0x0000000600000000, 0x0000000800000000)
  region size 4096K, 92 young (376832K), 1 survivors (4096K)
 Metaspace       used 68473K, committed 70080K, reserved 1114112K
  class space    used 6788K, committed 7488K, reserved 1048576K
}
Event: 32.670 GC heap after
{Heap after GC invocations=45 (full 0):
 garbage-first heap   total 811008K, used 347361K [0x0000000600000000, 0x0000000800000000)
  region size 4096K, 5 young (20480K), 5 survivors (20480K)
 Metaspace       used 68473K, committed 70080K, reserved 1114112K
  class space    used 6788K, committed 7488K, reserved 1048576K
}
Event: 43.399 GC heap before
{Heap before GC invocations=45 (full 0):
 garbage-first heap   total 811008K, used 711905K [0x0000000600000000, 0x0000000800000000)
  region size 4096K, 95 young (389120K), 5 survivors (20480K)
 Metaspace       used 70184K, committed 71872K, reserved 1114112K
  class space    used 6916K, committed 7680K, reserved 1048576K
}
Event: 43.414 GC heap after
{Heap after GC invocations=46 (full 0):
 garbage-first heap   total 811008K, used 353278K [0x0000000600000000, 0x0000000800000000)
  region size 4096K, 6 young (24576K), 6 survivors (24576K)
 Metaspace       used 70184K, committed 71872K, reserved 1114112K
  class space    used 6916K, committed 7680K, reserved 1048576K
}
Event: 50.577 GC heap before
{Heap before GC invocations=46 (full 0):
 garbage-first heap   total 811008K, used 508926K [0x0000000600000000, 0x0000000800000000)
  region size 4096K, 46 young (188416K), 6 survivors (24576K)
 Metaspace       used 71389K, committed 73152K, reserved 1179648K
  class space    used 6964K, committed 7744K, reserved 1048576K
}
Event: 50.592 GC heap after
{Heap after GC invocations=47 (full 0):
 garbage-first heap   total 811008K, used 356731K [0x0000000600000000, 0x0000000800000000)
  region size 4096K, 7 young (28672K), 7 survivors (28672K)
 Metaspace       used 71389K, committed 73152K, reserved 1179648K
  class space    used 6964K, committed 7744K, reserved 1048576K
}
Event: 56.918 GC heap before
{Heap before GC invocations=48 (full 0):
 garbage-first heap   total 811008K, used 725371K [0x0000000600000000, 0x0000000800000000)
  region size 4096K, 99 young (405504K), 7 survivors (28672K)
 Metaspace       used 72010K, committed 73792K, reserved 1179648K
  class space    used 6977K, committed 7808K, reserved 1048576K
}
Event: 56.935 GC heap after
{Heap after GC invocations=49 (full 0):
 garbage-first heap   total 811008K, used 349791K [0x0000000600000000, 0x0000000800000000)
  region size 4096K, 6 young (24576K), 6 survivors (24576K)
 Metaspace       used 72010K, committed 73792K, reserved 1179648K
  class space    used 6977K, committed 7808K, reserved 1048576K
}

