# JRE version: OpenJDK Runtime Environment Temurin-21.0.9+10 (21.0.9+10) (build 21.0.9+10-LTS)
# Java VM: OpenJDK 64-Bit Server VM Temurin-21.0.9+10 (21.0.9+10-LTS, mixed mode, sharing, tiered, compressed oops, compressed class ptrs, g1 gc, windows-amd64)
GC Precious Log:
 CardTable entry size: 512
 Card Set container configuration: InlinePtr #cards 4 size 8 Array Of Cards #cards 32 size 80 Howl #buckets 8 coarsen threshold 7372 Howl Bitmap #cards 1024 size 144 coarsen threshold 921 Card regions per heap region 1 cards per card region 8192
 CPUs: 8 total, 8 available
 Memory: 16280M
 Large Page Support: Disabled
 NUMA Support: Disabled
 Compressed Oops: Enabled (Zero based)
 Heap Region Size: 4M
 Heap Min Capacity: 100M
 Heap Initial Capacity: 100M
 Heap Max Capacity: 8G
 Pre-touch: Disabled
 Parallel Workers: 8
 Concurrent Workers: 2
 Concurrent Refinement Workers: 8
 Periodic GC: Disabled
Heap:
 garbage-first heap   total 479232K, used 366869K [0x0000000600000000, 0x0000000800000000)
  region size 4096K, 32 young (131072K), 1 survivors (4096K)
 Metaspace       used 93826K, committed 95872K, reserved 1179648K
  class space    used 8996K, committed 9984K, reserved 1048576K
GC Heap History (20 events):
Event: 4910.944 GC heap before
{Heap before GC invocations=491 (full 0):
 garbage-first heap   total 479232K, used 434085K [0x0000000600000000, 0x0000000800000000)
  region size 4096K, 54 young (221184K), 6 survivors (24576K)
 Metaspace       used 93628K, committed 95616K, reserved 1179648K
  class space    used 8989K, committed 9920K, reserved 1048576K
}
Event: 4910.953 GC heap after
{Heap after GC invocations=492 (full 0):
 garbage-first heap   total 479232K, used 242954K [0x0000000600000000, 0x0000000800000000)
  region size 4096K, 3 young (12288K), 3 survivors (12288K)
 Metaspace       used 93628K, committed 95616K, reserved 1179648K
  class space    used 8989K, committed 9920K, reserved 1048576K
}
Event: 4919.763 GC heap before
{Heap before GC invocations=493 (full 0):
 garbage-first heap   total 479232K, used 443658K [0x0000000600000000, 0x0000000800000000)
  region size 4096K, 52 young (212992K), 3 survivors (12288K)
 Metaspace       used 93629K, committed 95616K, reserved 1179648K
  class space    used 8989K, committed 9920K, reserved 1048576K
}
Event: 4919.766 GC heap after
{Heap after GC invocations=494 (full 0):
 garbage-first heap   total 479232K, used 238441K [0x0000000600000000, 0x0000000800000000)
  region size 4096K, 2 young (8192K), 2 survivors (8192K)
 Metaspace       used 93629K, committed 95616K, reserved 1179648K
  class space    used 8989K, committed 9920K, reserved 1048576K
}
Event: 4922.845 GC heap before
{Heap before GC invocations=494 (full 0):
 garbage-first heap   total 479232K, used 447337K [0x0000000600000000, 0x0000000800000000)
  region size 4096K, 53 young (217088K), 2 survivors (8192K)
 Metaspace       used 93629K, committed 95616K, reserved 1179648K
  class space    used 8989K, committed 9920K, reserved 1048576K
}
Event: 4922.852 GC heap after
{Heap after GC invocations=495 (full 0):
 garbage-first heap   total 479232K, used 234396K [0x0000000600000000, 0x0000000800000000)
  region size 4096K, 2 young (8192K), 2 survivors (8192K)
 Metaspace       used 93629K, committed 95616K, reserved 1179648K
  class space    used 8989K, committed 9920K, reserved 1048576K
}
Event: 4926.076 GC heap before
{Heap before GC invocations=495 (full 0):
 garbage-first heap   total 479232K, used 443292K [0x0000000600000000, 0x0000000800000000)
  region size 4096K, 54 young (221184K), 2 survivors (8192K)
 Metaspace       used 93634K, committed 95616K, reserved 1179648K
  class space    used 8989K, committed 9920K, reserved 1048576K
}
Event: 4926.082 GC heap after
{Heap after GC invocations=496 (full 0):
 garbage-first heap   total 479232K, used 241475K [0x0000000600000000, 0x0000000800000000)
  region size 4096K, 4 young (16384K), 4 survivors (16384K)
 Metaspace       used 93634K, committed 95616K, reserved 1179648K
  class space    used 8989K, committed 9920K, reserved 1048576K
}
Event: 4928.537 GC heap before
{Heap before GC invocations=497 (full 0):
 garbage-first heap   total 479232K, used 438083K [0x0000000600000000, 0x0000000800000000)
  region size 4096K, 53 young (217088K), 4 survivors (16384K)
 Metaspace       used 93679K, committed 95744K, reserved 1179648K
  class space    used 8995K, committed 9984K, reserved 1048576K
}
Event: 4928.550 GC heap after
{Heap after GC invocations=498 (full 0):
 garbage-first heap   total 479232K, used 252508K [0x0000000600000000, 0x0000000800000000)
  region size 4096K, 6 young (24576K), 6 survivors (24576K)
 Metaspace       used 93679K, committed 95744K, reserved 1179648K
  class space    used 8995K, committed 9984K, reserved 1048576K
}
Event: 4930.483 GC heap before
{Heap before GC invocations=498 (full 0):
 garbage-first heap   total 479232K, used 440924K [0x0000000600000000, 0x0000000800000000)
  region size 4096K, 53 young (217088K), 6 survivors (24576K)
 Metaspace       used 93729K, committed 95744K, reserved 1179648K
  class space    used 8995K, committed 9984K, reserved 1048576K
}
Event: 4930.499 GC heap after
{Heap after GC invocations=499 (full 0):
 garbage-first heap   total 479232K, used 251567K [0x0000000600000000, 0x0000000800000000)
  region size 4096K, 2 young (8192K), 2 survivors (8192K)
 Metaspace       used 93729K, committed 95744K, reserved 1179648K
  class space    used 8995K, committed 9984K, reserved 1048576K
}
Event: 4934.707 GC heap before
{Heap before GC invocations=499 (full 0):
 garbage-first heap   total 479232K, used 439983K [0x0000000600000000, 0x0000000800000000)
  region size 4096K, 49 young (200704K), 2 survivors (8192K)
 Metaspace       used 93738K, committed 95744K, reserved 1179648K
  class space    used 8995K, committed 9984K, reserved 1048576K
}
Event: 4934.712 GC heap after
{Heap after GC invocations=500 (full 0):
 garbage-first heap   total 479232K, used 251049K [0x0000000600000000, 0x0000000800000000)
  region size 4096K, 2 young (8192K), 2 survivors (8192K)
 Metaspace       used 93738K, committed 95744K, reserved 1179648K
  class space    used 8995K, committed 9984K, reserved 1048576K
}
Event: 4937.911 GC heap before
{Heap before GC invocations=501 (full 0):
 garbage-first heap   total 479232K, used 439465K [0x0000000600000000, 0x0000000800000000)
  region size 4096K, 49 young (200704K), 2 survivors (8192K)
 Metaspace       used 93764K, committed 95808K, reserved 1179648K
  class space    used 8995K, committed 9984K, reserved 1048576K
}
Event: 4937.921 GC heap after
{Heap after GC invocations=502 (full 0):
 garbage-first heap   total 479232K, used 262648K [0x0000000600000000, 0x0000000800000000)
  region size 4096K, 5 young (20480K), 5 survivors (20480K)
 Metaspace       used 93764K, committed 95808K, reserved 1179648K
  class space    used 8995K, committed 9984K, reserved 1048576K
}
Event: 4940.257 GC heap before
{Heap before GC invocations=502 (full 0):
 garbage-first heap   total 479232K, used 434680K [0x0000000600000000, 0x0000000800000000)
  region size 4096K, 48 young (196608K), 5 survivors (20480K)
 Metaspace       used 93769K, committed 95808K, reserved 1179648K
  class space    used 8995K, committed 9984K, reserved 1048576K
}
Event: 4940.265 GC heap after
{Heap after GC invocations=503 (full 0):
 garbage-first heap   total 479232K, used 253452K [0x0000000600000000, 0x0000000800000000)
  region size 4096K, 3 young (12288K), 3 survivors (12288K)
 Metaspace       used 93769K, committed 95808K, reserved 1179648K
  class space    used 8995K, committed 9984K, reserved 1048576K
}
Event: 7819.412 GC heap before
{Heap before GC invocations=503 (full 0):
 garbage-first heap   total 479232K, used 433676K [0x0000000600000000, 0x0000000800000000)
  region size 4096K, 48 young (196608K), 3 survivors (12288K)
 Metaspace       used 93803K, committed 95872K, reserved 1179648K
  class space    used 8995K, committed 9984K, reserved 1048576K
}
Event: 7819.439 GC heap after
{Heap after GC invocations=504 (full 0):
 garbage-first heap   total 479232K, used 248085K [0x0000000600000000, 0x0000000800000000)
  region size 4096K, 1 young (4096K), 1 survivors (4096K)
 Metaspace       used 93803K, committed 95872K, reserved 1179648K
  class space    used 8995K, committed 9984K, reserved 1048576K
}

